This file contains any messages produced by compilers while
running configure, to aid debugging if configure makes a mistake.

It was created by RtAudio configure 5.1.0, which was
generated by GNU Autoconf 2.69.  Invocation command line was

  $ ./configure 

## --------- ##
## Platform. ##
## --------- ##

hostname = ws-06c8b7f4-cb45-49a0-b75b-8a9daebf55ac
uname -m = x86_64
uname -r = 4.14.145+
uname -s = Linux
uname -v = #1 SMP Tue Oct 8 03:03:11 PDT 2019

/usr/bin/uname -p = x86_64
/bin/uname -X     = unknown

/bin/arch              = x86_64
/usr/bin/arch -k       = unknown
/usr/convex/getsysinfo = unknown
/usr/bin/hostinfo      = unknown
/bin/machine           = unknown
/usr/bin/oslevel       = unknown
/bin/universe          = unknown

PATH: /home/gitpod/.cargo/bin
PATH: /home/gitpod/.pyenv/plugins/pyenv-virtualenv/shims
PATH: /home/gitpod/.pyenv/shims
PATH: /workspace/.cargo/bin
PATH: /workspace/.pip-modules/bin
PATH: /workspace/.rvm/bin
PATH: /home/gitpod/.cargo/bin
PATH: /home/gitpod/.sdkman/candidates/maven/current/bin
PATH: /home/gitpod/.sdkman/candidates/java/current/bin
PATH: /home/gitpod/.sdkman/candidates/gradle/current/bin
PATH: /home/gitpod/.cargo/bin
PATH: /home/gitpod/.rvm/gems/ruby-2.6.3/bin
PATH: /home/gitpod/.rvm/gems/ruby-2.6.3@global/bin
PATH: /home/gitpod/.rvm/rubies/ruby-2.6.3/bin
PATH: /home/gitpod/.pyenv/plugins/pyenv-virtualenv/shims
PATH: /home/gitpod/.pyenv/shims
PATH: /workspace/.cargo/bin
PATH: /workspace/.pip-modules/bin
PATH: /workspace/.rvm/bin
PATH: /home/gitpod/.pyenv/bin
PATH: /home/gitpod/.pyenv/shims
PATH: /home/gitpod/.nvm/versions/node/v10.16.3/bin
PATH: /workspace/go/bin
PATH: /home/gitpod/go/bin
PATH: /home/gitpod/go-packages/bin
PATH: /usr/local/sbin
PATH: /usr/local/bin
PATH: /usr/sbin
PATH: /usr/bin
PATH: /sbin
PATH: /bin
PATH: /home/linuxbrew/.linuxbrew/bin
PATH: /home/linuxbrew/.linuxbrew/sbin/
PATH: /home/gitpod/.rvm/bin
PATH: /home/gitpod/.rvm/bin
PATH: /home/gitpod/.rvm/bin


## ----------- ##
## Core tests. ##
## ----------- ##

configure:2474: checking for a BSD-compatible install
configure:2542: result: /usr/bin/install -c
configure:2553: checking whether build environment is sane
configure:2608: result: yes
configure:2757: checking for a thread-safe mkdir -p
configure:2796: result: /usr/bin/mkdir -p
configure:2803: checking for gawk
configure:2819: found /usr/bin/gawk
configure:2830: result: gawk
configure:2841: checking whether make sets $(MAKE)
configure:2863: result: yes
configure:2892: checking whether make supports nested variables
configure:2909: result: yes
configure:3123: checking that version numbers are coherent
configure:3137: result: yes
configure:3143: checking whether to enable maintainer-specific portions of Makefiles
configure:3152: result: no
configure:3176: checking whether make supports nested variables
configure:3193: result: yes
configure:3278: checking for g++
configure:3294: found /usr/bin/g++
configure:3305: result: g++
configure:3332: checking for C++ compiler version
configure:3341: g++ --version >&5
g++ (Ubuntu 8.3.0-6ubuntu1) 8.3.0
Copyright (C) 2018 Free Software Foundation, Inc.
This is free software; see the source for copying conditions.  There is NO
warranty; not even for MERCHANTABILITY or FITNESS FOR A PARTICULAR PURPOSE.

configure:3352: $? = 0
configure:3341: g++ -v >&5
Using built-in specs.
COLLECT_GCC=g++
COLLECT_LTO_WRAPPER=/usr/lib/gcc/x86_64-linux-gnu/8/lto-wrapper
OFFLOAD_TARGET_NAMES=nvptx-none
OFFLOAD_TARGET_DEFAULT=1
Target: x86_64-linux-gnu
Configured with: ../src/configure -v --with-pkgversion='Ubuntu 8.3.0-6ubuntu1' --with-bugurl=file:///usr/share/doc/gcc-8/README.Bugs --enable-languages=c,ada,c++,go,brig,d,fortran,objc,obj-c++ --prefix=/usr --with-gcc-major-version-only --program-suffix=-8 --program-prefix=x86_64-linux-gnu- --enable-shared --enable-linker-build-id --libexecdir=/usr/lib --without-included-gettext --enable-threads=posix --libdir=/usr/lib --enable-nls --enable-bootstrap --enable-clocale=gnu --enable-libstdcxx-debug --enable-libstdcxx-time=yes --with-default-libstdcxx-abi=new --enable-gnu-unique-object --disable-vtable-verify --enable-libmpx --enable-plugin --enable-default-pie --with-system-zlib --with-target-system-zlib --enable-objc-gc=auto --enable-multiarch --disable-werror --with-arch-32=i686 --with-abi=m64 --with-multilib-list=m32,m64,mx32 --enable-multilib --with-tune=generic --enable-offload-targets=nvptx-none --without-cuda-driver --enable-checking=release --build=x86_64-linux-gnu --host=x86_64-linux-gnu --target=x86_64-linux-gnu
Thread model: posix
gcc version 8.3.0 (Ubuntu 8.3.0-6ubuntu1) 
configure:3352: $? = 0
configure:3341: g++ -V >&5
g++: error: unrecognized command line option '-V'
g++: fatal error: no input files
compilation terminated.
configure:3352: $? = 1
configure:3341: g++ -qversion >&5
g++: error: unrecognized command line option '-qversion'; did you mean '--version'?
g++: fatal error: no input files
compilation terminated.
configure:3352: $? = 1
configure:3372: checking whether the C++ compiler works
configure:3394: g++    conftest.cpp  >&5
configure:3398: $? = 0
configure:3446: result: yes
configure:3449: checking for C++ compiler default output file name
configure:3451: result: a.out
configure:3457: checking for suffix of executables
configure:3464: g++ -o conftest    conftest.cpp  >&5
configure:3468: $? = 0
configure:3490: result: 
configure:3512: checking whether we are cross compiling
configure:3520: g++ -o conftest    conftest.cpp  >&5
configure:3524: $? = 0
configure:3531: ./conftest
configure:3535: $? = 0
configure:3523: result: no
configure:3528: checking for suffix of object files
configure:3550: g++ -c   conftest.cpp >&5
configure:3554: $? = 0
configure:3575: result: o
configure:3579: checking whether we are using the GNU C++ compiler
configure:3598: g++ -c   conftest.cpp >&5
configure:3598: $? = 0
configure:3607: result: yes
configure:3616: checking whether g++ accepts -g
configure:3636: g++ -c -g  conftest.cpp >&5
configure:3636: $? = 0
configure:3677: result: yes
configure:3703: checking whether make supports the include directive
configure:3718: make -f confmf.GNU && cat confinc.out
this is the am__doit target
configure:3721: $? = 0
configure:3740: result: yes (GNU style)
configure:3765: checking dependency style of g++
configure:3876: result: gcc3
configure:3939: checking for gcc
configure:3955: found /usr/bin/gcc
configure:3966: result: gcc
configure:4195: checking for C compiler version
configure:4204: gcc --version >&5
gcc (Ubuntu 8.3.0-6ubuntu1) 8.3.0
Copyright (C) 2018 Free Software Foundation, Inc.
This is free software; see the source for copying conditions.  There is NO
warranty; not even for MERCHANTABILITY or FITNESS FOR A PARTICULAR PURPOSE.

configure:4215: $? = 0
configure:4204: gcc -v >&5
Using built-in specs.
COLLECT_GCC=gcc
COLLECT_LTO_WRAPPER=/usr/lib/gcc/x86_64-linux-gnu/8/lto-wrapper
OFFLOAD_TARGET_NAMES=nvptx-none
OFFLOAD_TARGET_DEFAULT=1
Target: x86_64-linux-gnu
Configured with: ../src/configure -v --with-pkgversion='Ubuntu 8.3.0-6ubuntu1' --with-bugurl=file:///usr/share/doc/gcc-8/README.Bugs --enable-languages=c,ada,c++,go,brig,d,fortran,objc,obj-c++ --prefix=/usr --with-gcc-major-version-only --program-suffix=-8 --program-prefix=x86_64-linux-gnu- --enable-shared --enable-linker-build-id --libexecdir=/usr/lib --without-included-gettext --enable-threads=posix --libdir=/usr/lib --enable-nls --enable-bootstrap --enable-clocale=gnu --enable-libstdcxx-debug --enable-libstdcxx-time=yes --with-default-libstdcxx-abi=new --enable-gnu-unique-object --disable-vtable-verify --enable-libmpx --enable-plugin --enable-default-pie --with-system-zlib --with-target-system-zlib --enable-objc-gc=auto --enable-multiarch --disable-werror --with-arch-32=i686 --with-abi=m64 --with-multilib-list=m32,m64,mx32 --enable-multilib --with-tune=generic --enable-offload-targets=nvptx-none --without-cuda-driver --enable-checking=release --build=x86_64-linux-gnu --host=x86_64-linux-gnu --target=x86_64-linux-gnu
Thread model: posix
gcc version 8.3.0 (Ubuntu 8.3.0-6ubuntu1) 
configure:4215: $? = 0
configure:4204: gcc -V >&5
gcc: error: unrecognized command line option '-V'
gcc: fatal error: no input files
compilation terminated.
configure:4215: $? = 1
configure:4204: gcc -qversion >&5
gcc: error: unrecognized command line option '-qversion'; did you mean '--version'?
gcc: fatal error: no input files
compilation terminated.
configure:4215: $? = 1
configure:4219: checking whether we are using the GNU C compiler
configure:4238: gcc -c   conftest.c >&5
configure:4238: $? = 0
configure:4247: result: yes
configure:4256: checking whether gcc accepts -g
configure:4276: gcc -c -g  conftest.c >&5
configure:4276: $? = 0
configure:4317: result: yes
configure:4334: checking for gcc option to accept ISO C89
configure:4397: gcc  -c -g -O2  conftest.c >&5
configure:4397: $? = 0
configure:4410: result: none needed
configure:4435: checking whether gcc understands -c and -o together
configure:4457: gcc -c conftest.c -o conftest2.o
configure:4460: $? = 0
configure:4457: gcc -c conftest.c -o conftest2.o
configure:4460: $? = 0
configure:4472: result: yes
configure:4491: checking dependency style of gcc
configure:4602: result: gcc3
configure:4667: checking for ar
configure:4683: found /usr/bin/ar
configure:4694: result: ar
configure:4720: checking the archiver (ar) interface
configure:4736: gcc -c -g -O2  conftest.c >&5
configure:4736: $? = 0
configure:4738: ar cru libconftest.a conftest.o >&5
ar: `u' modifier ignored since `D' is the default (see `U')
configure:4741: $? = 0
configure:4740: result: ar
configure:4762: checking for ar
configure:4780: found /usr/bin/ar
configure:4793: result: /usr/bin/ar
configure:4837: checking build system type
configure:4851: result: x86_64-pc-linux-gnu
configure:4871: checking host system type
configure:4884: result: x86_64-pc-linux-gnu
configure:4925: checking how to print strings
configure:4952: result: printf
configure:4973: checking for a sed that does not truncate output
configure:5037: result: /usr/bin/sed
configure:5055: checking for grep that handles long lines and -e
configure:5113: result: /usr/bin/grep
configure:5118: checking for egrep
configure:5180: result: /usr/bin/grep -E
configure:5185: checking for fgrep
configure:5247: result: /usr/bin/grep -F
configure:5282: checking for ld used by gcc
configure:5349: result: /usr/bin/ld
configure:5356: checking if the linker (/usr/bin/ld) is GNU ld
configure:5371: result: yes
configure:5383: checking for BSD- or MS-compatible name lister (nm)
configure:5437: result: /usr/bin/nm -B
configure:5567: checking the name lister (/usr/bin/nm -B) interface
configure:5574: gcc -c -g -O2  conftest.c >&5
configure:5577: /usr/bin/nm -B "conftest.o"
configure:5580: output
0000000000000000 B some_variable
configure:5581: result: BSD nm
configure:5584: checking whether ln -s works
configure:5588: result: yes
configure:5596: checking the maximum length of command line arguments
configure:5727: result: 1572864
configure:5775: checking how to convert x86_64-pc-linux-gnu file names to x86_64-pc-linux-gnu format
configure:5815: result: func_convert_file_noop
configure:5822: checking how to convert x86_64-pc-linux-gnu file names to toolchain format
configure:5842: result: func_convert_file_noop
configure:5849: checking for /usr/bin/ld option to reload object files
configure:5856: result: -r
configure:5930: checking for objdump
configure:5946: found /usr/bin/objdump
configure:5957: result: objdump
configure:5986: checking how to recognize dependent libraries
configure:6186: result: pass_all
configure:6271: checking for dlltool
configure:6301: result: no
configure:6328: checking how to associate runtime and link libraries
configure:6355: result: printf %s\n
configure:6479: checking for archiver @FILE support
configure:6496: gcc -c -g -O2  conftest.c >&5
configure:6496: $? = 0
configure:6499: /usr/bin/ar cru libconftest.a @conftest.lst >&5
/usr/bin/ar: `u' modifier ignored since `D' is the default (see `U')
configure:6502: $? = 0
configure:6507: /usr/bin/ar cru libconftest.a @conftest.lst >&5
/usr/bin/ar: `u' modifier ignored since `D' is the default (see `U')
/usr/bin/ar: conftest.o: No such file or directory
configure:6510: $? = 1
configure:6509: result: @
configure:6567: checking for strip
configure:6583: found /usr/bin/strip
configure:6594: result: strip
configure:6666: checking for ranlib
configure:6682: found /usr/bin/ranlib
configure:6693: result: ranlib
configure:6795: checking command to parse /usr/bin/nm -B output from gcc object
configure:6948: gcc -c -g -O2  conftest.c >&5
configure:6951: $? = 0
configure:6955: /usr/bin/nm -B conftest.o \| sed -n -e 's/^.*[ ]\([ABCDGIRSTW][ABCDGIRSTW]*\)[ ][ ]*\([_A-Za-z][_A-Za-z0-9]*\)$/\1 \2 \2/p' | sed '/ __gnu_lto/d' \> conftest.nm
configure:6958: $? = 0
configure:7024: gcc -o conftest -g -O2   conftest.c conftstm.o >&5
configure:7027: $? = 0
configure:7065: result: ok
configure:7112: checking for sysroot
configure:7142: result: no
configure:7149: checking for a working dd
configure:7187: result: /usr/bin/dd
configure:7191: checking how to truncate binary pipes
configure:7206: result: /usr/bin/dd bs=4096 count=1
configure:7342: gcc -c -g -O2  conftest.c >&5
configure:7345: $? = 0
configure:7535: checking for mt
configure:7565: result: no
configure:7585: checking if : is a manifest tool
configure:7591: : '-?'
configure:7599: result: no
configure:8276: checking how to run the C preprocessor
configure:8307: gcc -E  conftest.c
configure:8307: $? = 0
configure:8321: gcc -E  conftest.c
conftest.c:11:10: fatal error: ac_nonexistent.h: No such file or directory
 #include <ac_nonexistent.h>
          ^~~~~~~~~~~~~~~~~~
compilation terminated.
configure:8321: $? = 1
configure: failed program was:
| /* confdefs.h */
| #define PACKAGE_NAME "RtAudio"
| #define PACKAGE_TARNAME "rtaudio"
| #define PACKAGE_VERSION "5.1.0"
| #define PACKAGE_STRING "RtAudio 5.1.0"
| #define PACKAGE_BUGREPORT "gary@music.mcgill.ca"
| #define PACKAGE_URL ""
| #define PACKAGE "rtaudio"
| #define VERSION "5.1.0"
| /* end confdefs.h.  */
| #include <ac_nonexistent.h>
configure:8346: result: gcc -E
configure:8366: gcc -E  conftest.c
configure:8366: $? = 0
configure:8380: gcc -E  conftest.c
conftest.c:11:10: fatal error: ac_nonexistent.h: No such file or directory
 #include <ac_nonexistent.h>
          ^~~~~~~~~~~~~~~~~~
compilation terminated.
configure:8380: $? = 1
configure: failed program was:
| /* confdefs.h */
| #define PACKAGE_NAME "RtAudio"
| #define PACKAGE_TARNAME "rtaudio"
| #define PACKAGE_VERSION "5.1.0"
| #define PACKAGE_STRING "RtAudio 5.1.0"
| #define PACKAGE_BUGREPORT "gary@music.mcgill.ca"
| #define PACKAGE_URL ""
| #define PACKAGE "rtaudio"
| #define VERSION "5.1.0"
| /* end confdefs.h.  */
| #include <ac_nonexistent.h>
configure:8409: checking for ANSI C header files
configure:8429: gcc -c -g -O2  conftest.c >&5
configure:8429: $? = 0
configure:8502: gcc -o conftest -g -O2   conftest.c  >&5
configure:8502: $? = 0
configure:8502: ./conftest
configure:8502: $? = 0
configure:8513: result: yes
configure:8526: checking for sys/types.h
configure:8526: gcc -c -g -O2  conftest.c >&5
configure:8526: $? = 0
configure:8526: result: yes
configure:8526: checking for sys/stat.h
configure:8526: gcc -c -g -O2  conftest.c >&5
configure:8526: $? = 0
configure:8526: result: yes
configure:8526: checking for stdlib.h
configure:8526: gcc -c -g -O2  conftest.c >&5
configure:8526: $? = 0
configure:8526: result: yes
configure:8526: checking for string.h
configure:8526: gcc -c -g -O2  conftest.c >&5
configure:8526: $? = 0
configure:8526: result: yes
configure:8526: checking for memory.h
configure:8526: gcc -c -g -O2  conftest.c >&5
configure:8526: $? = 0
configure:8526: result: yes
configure:8526: checking for strings.h
configure:8526: gcc -c -g -O2  conftest.c >&5
configure:8526: $? = 0
configure:8526: result: yes
configure:8526: checking for inttypes.h
configure:8526: gcc -c -g -O2  conftest.c >&5
configure:8526: $? = 0
configure:8526: result: yes
configure:8526: checking for stdint.h
configure:8526: gcc -c -g -O2  conftest.c >&5
configure:8526: $? = 0
configure:8526: result: yes
configure:8526: checking for unistd.h
configure:8526: gcc -c -g -O2  conftest.c >&5
configure:8526: $? = 0
configure:8526: result: yes
configure:8540: checking for dlfcn.h
configure:8540: gcc -c -g -O2  conftest.c >&5
configure:8540: $? = 0
configure:8540: result: yes
configure:9105: checking for objdir
configure:9120: result: .libs
configure:9384: checking if gcc supports -fno-rtti -fno-exceptions
configure:9402: gcc -c -g -O2  -fno-rtti -fno-exceptions conftest.c >&5
cc1: warning: command line option '-fno-rtti' is valid for C++/ObjC++ but not for C
configure:9406: $? = 0
configure:9419: result: no
configure:9777: checking for gcc option to produce PIC
configure:9784: result: -fPIC -DPIC
configure:9792: checking if gcc PIC flag -fPIC -DPIC works
configure:9810: gcc -c -g -O2  -fPIC -DPIC -DPIC conftest.c >&5
configure:9814: $? = 0
configure:9827: result: yes
configure:9856: checking if gcc static flag -static works
configure:9884: result: yes
configure:9899: checking if gcc supports -c -o file.o
configure:9920: gcc -c -g -O2  -o out/conftest2.o conftest.c >&5
configure:9924: $? = 0
configure:9946: result: yes
configure:9954: checking if gcc supports -c -o file.o
configure:10001: result: yes
configure:10034: checking whether the gcc linker (/usr/bin/ld -m elf_x86_64) supports shared libraries
configure:11293: result: yes
configure:11330: checking whether -lc should be explicitly linked in
configure:11338: gcc -c -g -O2  conftest.c >&5
configure:11341: $? = 0
configure:11356: gcc -shared  -fPIC -DPIC conftest.o  -v -Wl,-soname -Wl,conftest -o conftest 2\>\&1 \| /usr/bin/grep  -lc  \>/dev/null 2\>\&1
configure:11359: $? = 0
configure:11373: result: no
configure:11533: checking dynamic linker characteristics
configure:12114: gcc -o conftest -g -O2   -Wl,-rpath -Wl,/foo conftest.c  >&5
configure:12114: $? = 0
configure:12351: result: GNU/Linux ld.so
configure:12473: checking how to hardcode library paths into programs
configure:12498: result: immediate
configure:13046: checking whether stripping libraries is possible
configure:13051: result: yes
configure:13086: checking if libtool supports shared libraries
configure:13088: result: yes
configure:13091: checking whether to build shared libraries
configure:13116: result: yes
configure:13119: checking whether to build static libraries
configure:13123: result: yes
configure:9938: checking how to run the C++ preprocessor
configure:9965: g++ -E  conftest.cpp
configure:9965: $? = 0
configure:9979: g++ -E  conftest.cpp
conftest.cpp:23:10: fatal error: ac_nonexistent.h: No such file or directory
 #include <ac_nonexistent.h>
          ^~~~~~~~~~~~~~~~~~
compilation terminated.
configure:9979: $? = 1
configure: failed program was:
| /* confdefs.h */
| #define PACKAGE_NAME "RtAudio"
| #define PACKAGE_TARNAME "rtaudio"
| #define PACKAGE_VERSION "5.1.0"
| #define PACKAGE_STRING "RtAudio 5.1.0"
| #define PACKAGE_BUGREPORT "gary@music.mcgill.ca"
| #define PACKAGE_URL ""
| #define PACKAGE "rtaudio"
| #define VERSION "5.1.0"
| #define STDC_HEADERS 1
| #define HAVE_SYS_TYPES_H 1
| #define HAVE_SYS_STAT_H 1
| #define HAVE_STDLIB_H 1
| #define HAVE_STRING_H 1
| #define HAVE_MEMORY_H 1
| #define HAVE_STRINGS_H 1
| #define HAVE_INTTYPES_H 1
| #define HAVE_STDINT_H 1
| #define HAVE_UNISTD_H 1
| #define HAVE_DLFCN_H 1
| #define LT_OBJDIR ".libs/"
| /* end confdefs.h.  */
| #include <ac_nonexistent.h>
configure:10004: result: g++ -E
configure:10024: g++ -E  conftest.cpp
configure:10024: $? = 0
configure:10038: g++ -E  conftest.cpp
conftest.cpp:23:10: fatal error: ac_nonexistent.h: No such file or directory
 #include <ac_nonexistent.h>
          ^~~~~~~~~~~~~~~~~~
compilation terminated.
configure:10038: $? = 1
configure: failed program was:
| /* confdefs.h */
| #define PACKAGE_NAME "RtAudio"
| #define PACKAGE_TARNAME "rtaudio"
| #define PACKAGE_VERSION "5.1.0"
| #define PACKAGE_STRING "RtAudio 5.1.0"
| #define PACKAGE_BUGREPORT "gary@music.mcgill.ca"
| #define PACKAGE_URL ""
| #define PACKAGE "rtaudio"
| #define VERSION "5.1.0"
| #define STDC_HEADERS 1
| #define HAVE_SYS_TYPES_H 1
| #define HAVE_SYS_STAT_H 1
| #define HAVE_STDLIB_H 1
| #define HAVE_STRING_H 1
| #define HAVE_MEMORY_H 1
| #define HAVE_STRINGS_H 1
| #define HAVE_INTTYPES_H 1
| #define HAVE_STDINT_H 1
| #define HAVE_UNISTD_H 1
| #define HAVE_DLFCN_H 1
| #define LT_OBJDIR ".libs/"
| /* end confdefs.h.  */
| #include <ac_nonexistent.h>
configure:10200: checking for ld used by g++
configure:10267: result: /usr/bin/ld -m elf_x86_64
configure:10274: checking if the linker (/usr/bin/ld -m elf_x86_64) is GNU ld
configure:10289: result: yes
configure:10344: checking whether the g++ linker (/usr/bin/ld -m elf_x86_64) supports shared libraries
configure:11417: result: yes
configure:11453: g++ -c -g -O2  conftest.cpp >&5
configure:11456: $? = 0
configure:11937: checking for g++ option to produce PIC
configure:11944: result: -fPIC -DPIC
configure:11952: checking if g++ PIC flag -fPIC -DPIC works
configure:11970: g++ -c -g -O2  -fPIC -DPIC -DPIC conftest.cpp >&5
configure:11974: $? = 0
configure:11987: result: yes
configure:12010: checking if g++ static flag -static works
configure:12038: result: yes
configure:12050: checking if g++ supports -c -o file.o
configure:12071: g++ -c -g -O2  -o out/conftest2.o conftest.cpp >&5
configure:12075: $? = 0
configure:12097: result: yes
configure:12102: checking if g++ supports -c -o file.o
configure:12149: result: yes
configure:12179: checking whether the g++ linker (/usr/bin/ld -m elf_x86_64) supports shared libraries
configure:12219: result: yes
configure:12360: checking dynamic linker characteristics
configure:13105: result: GNU/Linux ld.so
configure:13170: checking how to hardcode library paths into programs
configure:13195: result: immediate
configure:12105: checking for ANSI C header files
configure:12209: result: yes
configure:12220: checking sys/ioctl.h usability
configure:12220: gcc -c -g -O2  conftest.c >&5
configure:12220: $? = 0
configure:12220: result: yes
configure:12220: checking sys/ioctl.h presence
configure:12220: gcc -E  conftest.c
configure:12220: $? = 0
configure:12220: result: yes
configure:12220: checking for sys/ioctl.h
configure:12220: result: yes
configure:12220: checking for unistd.h
configure:12220: result: yes
configure:12250: checking whether to compile debug version
configure:12271: result: no
configure:12293: checking for gettimeofday
configure:12293: gcc -o conftest -g -O2   conftest.c  >&5
configure:12293: $? = 0
configure:12293: result: yes
configure:12302: checking for doxygen
configure:12332: result: no
configure:12470: checking for snd_pcm_open in -lasound
configure:12495: gcc -o conftest -g -O2   conftest.c -lasound   >&5
/usr/bin/ld: cannot find -lasound
collect2: error: ld returned 1 exit status
configure:12495: $? = 1
configure: failed program was:
| /* confdefs.h */
| #define PACKAGE_NAME "RtAudio"
| #define PACKAGE_TARNAME "rtaudio"
| #define PACKAGE_VERSION "5.1.0"
| #define PACKAGE_STRING "RtAudio 5.1.0"
| #define PACKAGE_BUGREPORT "gary@music.mcgill.ca"
| #define PACKAGE_URL ""
| #define PACKAGE "rtaudio"
| #define VERSION "5.1.0"
| #define STDC_HEADERS 1
| #define HAVE_SYS_TYPES_H 1
| #define HAVE_SYS_STAT_H 1
| #define HAVE_STDLIB_H 1
| #define HAVE_STRING_H 1
| #define HAVE_MEMORY_H 1
| #define HAVE_STRINGS_H 1
| #define HAVE_INTTYPES_H 1
| #define HAVE_STDINT_H 1
| #define HAVE_UNISTD_H 1
| #define HAVE_DLFCN_H 1
| #define LT_OBJDIR ".libs/"
| #define STDC_HEADERS 1
| #define HAVE_SYS_IOCTL_H 1
| #define HAVE_UNISTD_H 1
| /* end confdefs.h.  */
| 
| /* Override any GCC internal prototype to avoid an error.
|    Use char because int might match the return type of a GCC
|    builtin and then its argument prototype would still apply.  */
| #ifdef __cplusplus
| extern "C"
| #endif
| char snd_pcm_open ();
| int
| main ()
| {
| return snd_pcm_open ();
|   ;
|   return 0;
| }
configure:12504: result: no
configure:12529: checking for pa_simple_flush in -lpulse-simple
configure:12554: gcc -o conftest -g -O2   conftest.c -lpulse-simple   >&5
/usr/bin/ld: cannot find -lpulse-simple
collect2: error: ld returned 1 exit status
configure:12554: $? = 1
configure: failed program was:
| /* confdefs.h */
| #define PACKAGE_NAME "RtAudio"
| #define PACKAGE_TARNAME "rtaudio"
| #define PACKAGE_VERSION "5.1.0"
| #define PACKAGE_STRING "RtAudio 5.1.0"
| #define PACKAGE_BUGREPORT "gary@music.mcgill.ca"
| #define PACKAGE_URL ""
| #define PACKAGE "rtaudio"
| #define VERSION "5.1.0"
| #define STDC_HEADERS 1
| #define HAVE_SYS_TYPES_H 1
| #define HAVE_SYS_STAT_H 1
| #define HAVE_STDLIB_H 1
| #define HAVE_STRING_H 1
| #define HAVE_MEMORY_H 1
| #define HAVE_STRINGS_H 1
| #define HAVE_INTTYPES_H 1
| #define HAVE_STDINT_H 1
| #define HAVE_UNISTD_H 1
| #define HAVE_DLFCN_H 1
| #define LT_OBJDIR ".libs/"
| #define STDC_HEADERS 1
| #define HAVE_SYS_IOCTL_H 1
| #define HAVE_UNISTD_H 1
| /* end confdefs.h.  */
| 
| /* Override any GCC internal prototype to avoid an error.
|    Use char because int might match the return type of a GCC
|    builtin and then its argument prototype would still apply.  */
| #ifdef __cplusplus
| extern "C"
| #endif
| char pa_simple_flush ();
| int
| main ()
| {
| return pa_simple_flush ();
|   ;
|   return 0;
| }
configure:12563: result: no
configure:12599: checking for main in -lossaudio
configure:12618: gcc -o conftest -g -O2   conftest.c -lossaudio   >&5
/usr/bin/ld: cannot find -lossaudio
collect2: error: ld returned 1 exit status
configure:12618: $? = 1
configure: failed program was:
| /* confdefs.h */
| #define PACKAGE_NAME "RtAudio"
| #define PACKAGE_TARNAME "rtaudio"
| #define PACKAGE_VERSION "5.1.0"
| #define PACKAGE_STRING "RtAudio 5.1.0"
| #define PACKAGE_BUGREPORT "gary@music.mcgill.ca"
| #define PACKAGE_URL ""
| #define PACKAGE "rtaudio"
| #define VERSION "5.1.0"
| #define STDC_HEADERS 1
| #define HAVE_SYS_TYPES_H 1
| #define HAVE_SYS_STAT_H 1
| #define HAVE_STDLIB_H 1
| #define HAVE_STRING_H 1
| #define HAVE_MEMORY_H 1
| #define HAVE_STRINGS_H 1
| #define HAVE_INTTYPES_H 1
| #define HAVE_STDINT_H 1
| #define HAVE_UNISTD_H 1
| #define HAVE_DLFCN_H 1
| #define LT_OBJDIR ".libs/"
| #define STDC_HEADERS 1
| #define HAVE_SYS_IOCTL_H 1
| #define HAVE_UNISTD_H 1
| /* end confdefs.h.  */
| 
| 
| int
| main ()
| {
| return main ();
|   ;
|   return 0;
| }
configure:12627: result: no
configure:12646: checking whether SNDCTL_SYSINFO is declared
configure:12646: gcc -c -g -O2  conftest.c >&5
conftest.c: In function 'main':
conftest.c:35:10: error: 'SNDCTL_SYSINFO' undeclared (first use in this function); did you mean 'SNDCTL_SYNTH_INFO'?
   (void) SNDCTL_SYSINFO;
          ^~~~~~~~~~~~~~
          SNDCTL_SYNTH_INFO
conftest.c:35:10: note: each undeclared identifier is reported only once for each function it appears in
configure:12646: $? = 1
configure: failed program was:
| /* confdefs.h */
| #define PACKAGE_NAME "RtAudio"
| #define PACKAGE_TARNAME "rtaudio"
| #define PACKAGE_VERSION "5.1.0"
| #define PACKAGE_STRING "RtAudio 5.1.0"
| #define PACKAGE_BUGREPORT "gary@music.mcgill.ca"
| #define PACKAGE_URL ""
| #define PACKAGE "rtaudio"
| #define VERSION "5.1.0"
| #define STDC_HEADERS 1
| #define HAVE_SYS_TYPES_H 1
| #define HAVE_SYS_STAT_H 1
| #define HAVE_STDLIB_H 1
| #define HAVE_STRING_H 1
| #define HAVE_MEMORY_H 1
| #define HAVE_STRINGS_H 1
| #define HAVE_INTTYPES_H 1
| #define HAVE_STDINT_H 1
| #define HAVE_UNISTD_H 1
| #define HAVE_DLFCN_H 1
| #define LT_OBJDIR ".libs/"
| #define STDC_HEADERS 1
| #define HAVE_SYS_IOCTL_H 1
| #define HAVE_UNISTD_H 1
| /* end confdefs.h.  */
| #include <sys/soundcard.h>
| 
| int
| main ()
| {
| #ifndef SNDCTL_SYSINFO
| #ifdef __cplusplus
|   (void) SNDCTL_SYSINFO;
| #else
|   (void) SNDCTL_SYSINFO;
| #endif
| #endif
| 
|   ;
|   return 0;
| }
configure:12646: result: no
configure:12670: checking for jack_client_open in -ljack
configure:12695: gcc -o conftest -g -O2   conftest.c -ljack   >&5
/usr/bin/ld: cannot find -ljack
collect2: error: ld returned 1 exit status
configure:12695: $? = 1
configure: failed program was:
| /* confdefs.h */
| #define PACKAGE_NAME "RtAudio"
| #define PACKAGE_TARNAME "rtaudio"
| #define PACKAGE_VERSION "5.1.0"
| #define PACKAGE_STRING "RtAudio 5.1.0"
| #define PACKAGE_BUGREPORT "gary@music.mcgill.ca"
| #define PACKAGE_URL ""
| #define PACKAGE "rtaudio"
| #define VERSION "5.1.0"
| #define STDC_HEADERS 1
| #define HAVE_SYS_TYPES_H 1
| #define HAVE_SYS_STAT_H 1
| #define HAVE_STDLIB_H 1
| #define HAVE_STRING_H 1
| #define HAVE_MEMORY_H 1
| #define HAVE_STRINGS_H 1
| #define HAVE_INTTYPES_H 1
| #define HAVE_STDINT_H 1
| #define HAVE_UNISTD_H 1
| #define HAVE_DLFCN_H 1
| #define LT_OBJDIR ".libs/"
| #define STDC_HEADERS 1
| #define HAVE_SYS_IOCTL_H 1
| #define HAVE_UNISTD_H 1
| /* end confdefs.h.  */
| 
| /* Override any GCC internal prototype to avoid an error.
|    Use char because int might match the return type of a GCC
|    builtin and then its argument prototype would still apply.  */
| #ifdef __cplusplus
| extern "C"
| #endif
| char jack_client_open ();
| int
| main ()
| {
| return jack_client_open ();
|   ;
|   return 0;
| }
configure:12704: result: no
configure:12911: checking for audio API
configure:12917: result: none
configure:12919: error: No known system type found for realtime support!

## ---------------- ##
## Cache variables. ##
## ---------------- ##

ac_cv_build=x86_64-pc-linux-gnu
ac_cv_c_compiler_gnu=yes
ac_cv_cxx_compiler_gnu=yes
ac_cv_env_CCC_set=
ac_cv_env_CCC_value=
ac_cv_env_CC_set=
ac_cv_env_CC_value=
ac_cv_env_CFLAGS_set=
ac_cv_env_CFLAGS_value=
ac_cv_env_CPPFLAGS_set=
ac_cv_env_CPPFLAGS_value=
ac_cv_env_CPP_set=
ac_cv_env_CPP_value=
ac_cv_env_CXXCPP_set=
ac_cv_env_CXXCPP_value=
ac_cv_env_CXXFLAGS_set=
ac_cv_env_CXXFLAGS_value=
ac_cv_env_CXX_set=
ac_cv_env_CXX_value=
ac_cv_env_LDFLAGS_set=
ac_cv_env_LDFLAGS_value=
ac_cv_env_LIBS_set=
ac_cv_env_LIBS_value=
ac_cv_env_LT_SYS_LIBRARY_PATH_set=
ac_cv_env_LT_SYS_LIBRARY_PATH_value=
ac_cv_env_build_alias_set=
ac_cv_env_build_alias_value=
ac_cv_env_host_alias_set=
ac_cv_env_host_alias_value=
ac_cv_env_target_alias_set=
ac_cv_env_target_alias_value=
ac_cv_func_gettimeofday=yes
ac_cv_have_decl_SNDCTL_SYSINFO=no
ac_cv_header_dlfcn_h=yes
ac_cv_header_inttypes_h=yes
ac_cv_header_memory_h=yes
ac_cv_header_stdc=yes
ac_cv_header_stdint_h=yes
ac_cv_header_stdlib_h=yes
ac_cv_header_string_h=yes
ac_cv_header_strings_h=yes
ac_cv_header_sys_ioctl_h=yes
ac_cv_header_sys_stat_h=yes
ac_cv_header_sys_types_h=yes
ac_cv_header_unistd_h=yes
ac_cv_host=x86_64-pc-linux-gnu
ac_cv_lib_asound_snd_pcm_open=no
ac_cv_lib_jack_jack_client_open=no
ac_cv_lib_ossaudio_main=no
ac_cv_lib_pulse_simple_pa_simple_flush=no
ac_cv_objext=o
ac_cv_path_AR=/usr/bin/ar
ac_cv_path_EGREP='/usr/bin/grep -E'
ac_cv_path_FGREP='/usr/bin/grep -F'
ac_cv_path_GREP=/usr/bin/grep
ac_cv_path_SED=/usr/bin/sed
ac_cv_path_install='/usr/bin/install -c'
ac_cv_path_lt_DD=/usr/bin/dd
ac_cv_path_mkdir=/usr/bin/mkdir
ac_cv_prog_AWK=gawk
ac_cv_prog_CPP='gcc -E'
ac_cv_prog_CXXCPP='g++ -E'
ac_cv_prog_ac_ct_AR=ar
ac_cv_prog_ac_ct_CC=gcc
ac_cv_prog_ac_ct_CXX=g++
ac_cv_prog_ac_ct_OBJDUMP=objdump
ac_cv_prog_ac_ct_RANLIB=ranlib
ac_cv_prog_ac_ct_STRIP=strip
ac_cv_prog_cc_c89=
ac_cv_prog_cc_g=yes
ac_cv_prog_cxx_g=yes
ac_cv_prog_make_make_set=yes
am_cv_CC_dependencies_compiler_type=gcc3
am_cv_CXX_dependencies_compiler_type=gcc3
am_cv_ar_interface=ar
am_cv_make_support_nested_variables=yes
am_cv_prog_cc_c_o=yes
lt_cv_ar_at_file=@
lt_cv_archive_cmds_need_lc=no
lt_cv_deplibs_check_method=pass_all
lt_cv_file_magic_cmd='$MAGIC_CMD'
lt_cv_file_magic_test_file=
lt_cv_ld_reload_flag=-r
lt_cv_nm_interface='BSD nm'
lt_cv_objdir=.libs
lt_cv_path_LD=/usr/bin/ld
lt_cv_path_LDCXX='/usr/bin/ld -m elf_x86_64'
lt_cv_path_NM='/usr/bin/nm -B'
lt_cv_path_mainfest_tool=no
lt_cv_prog_compiler_c_o=yes
lt_cv_prog_compiler_c_o_CXX=yes
lt_cv_prog_compiler_pic='-fPIC -DPIC'
lt_cv_prog_compiler_pic_CXX='-fPIC -DPIC'
lt_cv_prog_compiler_pic_works=yes
lt_cv_prog_compiler_pic_works_CXX=yes
lt_cv_prog_compiler_rtti_exceptions=no
lt_cv_prog_compiler_static_works=yes
lt_cv_prog_compiler_static_works_CXX=yes
lt_cv_prog_gnu_ld=yes
lt_cv_prog_gnu_ldcxx=yes
lt_cv_sharedlib_from_linklib_cmd='printf %s\n'
lt_cv_shlibpath_overrides_runpath=yes
lt_cv_sys_global_symbol_pipe='sed -n -e '\''s/^.*[	 ]\([ABCDGIRSTW][ABCDGIRSTW]*\)[	 ][	 ]*\([_A-Za-z][_A-Za-z0-9]*\)$/\1 \2 \2/p'\'' | sed '\''/ __gnu_lto/d'\'''
lt_cv_sys_global_symbol_to_c_name_address='sed -n -e '\''s/^: \(.*\) .*$/  {"\1", (void *) 0},/p'\'' -e '\''s/^[ABCDGIRSTW][ABCDGIRSTW]* .* \(.*\)$/  {"\1", (void *) \&\1},/p'\'''
lt_cv_sys_global_symbol_to_c_name_address_lib_prefix='sed -n -e '\''s/^: \(.*\) .*$/  {"\1", (void *) 0},/p'\'' -e '\''s/^[ABCDGIRSTW][ABCDGIRSTW]* .* \(lib.*\)$/  {"\1", (void *) \&\1},/p'\'' -e '\''s/^[ABCDGIRSTW][ABCDGIRSTW]* .* \(.*\)$/  {"lib\1", (void *) \&\1},/p'\'''
lt_cv_sys_global_symbol_to_cdecl='sed -n -e '\''s/^T .* \(.*\)$/extern int \1();/p'\'' -e '\''s/^[ABCDGIRSTW][ABCDGIRSTW]* .* \(.*\)$/extern char \1;/p'\'''
lt_cv_sys_global_symbol_to_import=
lt_cv_sys_max_cmd_len=1572864
lt_cv_to_host_file_cmd=func_convert_file_noop
lt_cv_to_tool_file_cmd=func_convert_file_noop
lt_cv_truncate_bin='/usr/bin/dd bs=4096 count=1'

## ----------------- ##
## Output variables. ##
## ----------------- ##

ACLOCAL='${SHELL} /workspace/HARLIE/rtaudio-5.1.0/config/missing aclocal-1.16'
AMDEPBACKSLASH='\'
AMDEP_FALSE='#'
AMDEP_TRUE=''
AMTAR='$${TAR-tar}'
AM_BACKSLASH='\'
AM_DEFAULT_V='$(AM_DEFAULT_VERBOSITY)'
AM_DEFAULT_VERBOSITY='0'
AM_V='$(V)'
AR='/usr/bin/ar'
AS='as'
ASIO_FALSE=''
ASIO_TRUE=''
AUTOCONF='${SHELL} /workspace/HARLIE/rtaudio-5.1.0/config/missing autoconf'
AUTOHEADER='${SHELL} /workspace/HARLIE/rtaudio-5.1.0/config/missing autoheader'
AUTOMAKE='${SHELL} /workspace/HARLIE/rtaudio-5.1.0/config/missing automake-1.16'
AWK='gawk'
CC='gcc'
CCDEPMODE='depmode=gcc3'
CFLAGS='-g -O2'
CPP='gcc -E'
CPPFLAGS=''
CXX='g++'
CXXCPP='g++ -E'
CXXDEPMODE='depmode=gcc3'
CXXFLAGS='-Wall -Wextra -g -O2'
CYGPATH_W='echo'
DEFS=''
DEPDIR='.deps'
DLLTOOL='false'
DOXYGEN=''
DSYMUTIL=''
DUMPBIN=''
ECHO_C=''
ECHO_N='-n'
ECHO_T=''
EGREP='/usr/bin/grep -E'
EXEEXT=''
FGREP='/usr/bin/grep -F'
GREP='/usr/bin/grep'
INSTALL_DATA='${INSTALL} -m 644'
INSTALL_PROGRAM='${INSTALL}'
INSTALL_SCRIPT='${INSTALL}'
INSTALL_STRIP_PROGRAM='$(install_sh) -c -s'
LD='/usr/bin/ld -m elf_x86_64'
LDFLAGS=''
LIBOBJS=''
LIBS=''
LIBTOOL='$(SHELL) $(top_builddir)/libtool'
LIPO=''
LN_S='ln -s'
LTLIBOBJS=''
LT_SYS_LIBRARY_PATH=''
MAINT='#'
MAINTAINER_MODE_FALSE=''
MAINTAINER_MODE_TRUE='#'
MAKEINFO='${SHELL} /workspace/HARLIE/rtaudio-5.1.0/config/missing makeinfo'
MAKE_DOC_FALSE=''
MAKE_DOC_TRUE='#'
MANIFEST_TOOL=':'
MKDIR_P='/usr/bin/mkdir -p'
NM='/usr/bin/nm -B'
NMEDIT=''
OBJDUMP='objdump'
OBJEXT='o'
OTOOL64=''
OTOOL=''
PACKAGE='rtaudio'
PACKAGE_BUGREPORT='gary@music.mcgill.ca'
PACKAGE_NAME='RtAudio'
PACKAGE_STRING='RtAudio 5.1.0'
PACKAGE_TARNAME='rtaudio'
PACKAGE_URL=''
PACKAGE_VERSION='5.1.0'
PATH_SEPARATOR=':'
RANLIB='ranlib'
SED='/usr/bin/sed'
SET_MAKE=''
SHELL='/bin/bash'
SO_VERSION='6:1:0'
STRIP='strip'
VERSION='5.1.0'
ac_ct_AR='ar'
ac_ct_CC='gcc'
ac_ct_CXX='g++'
ac_ct_DUMPBIN=''
am__EXEEXT_FALSE=''
am__EXEEXT_TRUE=''
am__fastdepCC_FALSE='#'
am__fastdepCC_TRUE=''
am__fastdepCXX_FALSE='#'
am__fastdepCXX_TRUE=''
am__include='include'
am__isrc=''
am__leading_dot='.'
am__nodep='_no'
am__quote=''
am__tar='$${TAR-tar} chof - "$$tardir"'
am__untar='$${TAR-tar} xf -'
api=''
bindir='${exec_prefix}/bin'
build='x86_64-pc-linux-gnu'
build_alias=''
build_cpu='x86_64'
build_os='linux-gnu'
build_vendor='pc'
datadir='${datarootdir}'
datarootdir='${prefix}/share'
docdir='${datarootdir}/doc/${PACKAGE_TARNAME}'
dvidir='${docdir}'
exec_prefix='NONE'
host='x86_64-pc-linux-gnu'
host_alias=''
host_cpu='x86_64'
host_os='linux-gnu'
host_vendor='pc'
htmldir='${docdir}'
includedir='${prefix}/include'
infodir='${datarootdir}/info'
install_sh='${SHELL} /workspace/HARLIE/rtaudio-5.1.0/config/install-sh'
libdir='${exec_prefix}/lib'
libexecdir='${exec_prefix}/libexec'
localedir='${datarootdir}/locale'
localstatedir='${prefix}/var'
mandir='${datarootdir}/man'
mkdir_p='$(MKDIR_P)'
oldincludedir='/usr/include'
pdfdir='${docdir}'
prefix='NONE'
program_transform_name='s,x,x,'
psdir='${docdir}'
req=''
sbindir='${exec_prefix}/sbin'
sharedstatedir='${prefix}/com'
sysconfdir='${prefix}/etc'
target_alias=''
visibility='-fvisibility=hidden'

## ----------- ##
## confdefs.h. ##
## ----------- ##

/* confdefs.h */
#define PACKAGE_NAME "RtAudio"
#define PACKAGE_TARNAME "rtaudio"
#define PACKAGE_VERSION "5.1.0"
#define PACKAGE_STRING "RtAudio 5.1.0"
#define PACKAGE_BUGREPORT "gary@music.mcgill.ca"
#define PACKAGE_URL ""
#define PACKAGE "rtaudio"
#define VERSION "5.1.0"
#define STDC_HEADERS 1
#define HAVE_SYS_TYPES_H 1
#define HAVE_SYS_STAT_H 1
#define HAVE_STDLIB_H 1
#define HAVE_STRING_H 1
#define HAVE_MEMORY_H 1
#define HAVE_STRINGS_H 1
#define HAVE_INTTYPES_H 1
#define HAVE_STDINT_H 1
#define HAVE_UNISTD_H 1
#define HAVE_DLFCN_H 1
#define LT_OBJDIR ".libs/"
#define STDC_HEADERS 1
#define HAVE_SYS_IOCTL_H 1
#define HAVE_UNISTD_H 1

configure: exit 1
